<?xml version="1.0" encoding="UTF-8"?>
<!-- Generated by org.testng.reporters.JUnitXMLReporter -->
<testsuite ignored="2" hostname="aumni-Precision-3590" failures="0" tests="1" name="Default Tests" time="0.019" errors="0" timestamp="2025-05-23T12:03:57 IST">
  <testcase classname="com.example.tests.YourTests" name="defaultTest" time="0.003"/>
  <testcase classname="com.example.tests.YourTests" name="smokeTest" time="0.0">
    <ignored/>
  </testcase> <!-- smokeTest -->
  <testcase classname="com.example.tests.YourTests" name="regressionTest" time="0.0">
    <ignored/>
  </testcase> <!-- regressionTest -->
</testsuite> <!-- Default Tests -->
