<?xml version="1.0" encoding="UTF-8"?>
<testng-results ignored="2" total="3" passed="1" failed="0" skipped="0">
  <reporter-output>
  </reporter-output>
  <suite started-at="2025-05-23T12:04:08 IST" name="Smoke Suite" finished-at="2025-05-23T12:04:08 IST" duration-ms="19">
    <groups>
      <group name="smoke">
        <method signature="YourTests.smokeTest()[pri:0, instance:com.example.tests.YourTests@4387b79e]" name="smokeTest" class="com.example.tests.YourTests"/>
      </group> <!-- smoke -->
    </groups>
    <test started-at="2025-05-23T12:04:08 IST" name="Smoke Tests" finished-at="2025-05-23T12:04:08 IST" duration-ms="19">
      <class name="com.example.tests.YourTests">
        <test-method signature="smokeTest()[pri:0, instance:com.example.tests.YourTests@4387b79e]" started-at="2025-05-23T12:04:08 IST" name="smokeTest" finished-at="2025-05-23T12:04:08 IST" duration-ms="2" status="PASS">
          <reporter-output>
          </reporter-output>
        </test-method> <!-- smokeTest -->
      </class> <!-- com.example.tests.YourTests -->
    </test> <!-- Smoke Tests -->
  </suite> <!-- Smoke Suite -->
</testng-results>
